Using pre-set license
Built from '2020.3/staging' branch; Version is '2020.3.18f1 (a7d1c678663c) revision 10998214'; Using compiler version '192528614'; Build Type 'Release'
OS: 'Windows 10 Pro for Workstations; OS build 19042.1237; Version 2009; 64bit' Language: 'fr' Physical Memory: 32450 MB
BatchMode: 1, IsHumanControllingUs: 0, StartBugReporterOnCrash: 0, Is64bit: 1, IsPro: 0

COMMAND LINE ARGUMENTS:
C:\Program Files\Unity\Hub\Editor\2020.3.18f1\Editor\Unity.exe
-adb2
-batchMode
-noUpm
-name
AssetImportWorker0
-projectPath
C:/Users/Etudiant/Desktop/Unity/Out of Range
-logFile
Logs/AssetImportWorker0.log
-srvPort
53286
Successfully changed project path to: C:/Users/Etudiant/Desktop/Unity/Out of Range
C:/Users/Etudiant/Desktop/Unity/Out of Range
Using Asset Import Pipeline V2.
Refreshing native plugins compatible for Editor in 27.78 ms, found 2 plugins.
Preloading 0 native plugins for Editor in 0.00 ms.
Initialize engine version: 2020.3.18f1 (a7d1c678663c)
[Subsystems] Discovering subsystems at path C:/Program Files/Unity/Hub/Editor/2020.3.18f1/Editor/Data/Resources/UnitySubsystems
[Subsystems] Discovering subsystems at path C:/Users/Etudiant/Desktop/Unity/Out of Range/Assets
GfxDevice: creating device client; threaded=0
Direct3D:
    Version:  Direct3D 11.0 [level 11.1]
    Renderer: NVIDIA Quadro RTX 4000 (ID=0x1eb1)
    Vendor:   
    VRAM:     8018 MB
    Driver:   27.21.14.6231
Initialize mono
Mono path[0] = 'C:/Program Files/Unity/Hub/Editor/2020.3.18f1/Editor/Data/Managed'
Mono path[1] = 'C:/Program Files/Unity/Hub/Editor/2020.3.18f1/Editor/Data/MonoBleedingEdge/lib/mono/unityjit'
Mono config path = 'C:/Program Files/Unity/Hub/Editor/2020.3.18f1/Editor/Data/MonoBleedingEdge/etc'
Using monoOptions --debugger-agent=transport=dt_socket,embedding=1,server=y,suspend=n,address=127.0.0.1:56996
Begin MonoManager ReloadAssembly
Registering precompiled unity dll's ...
Register platform support module: C:/Program Files/Unity/Hub/Editor/2020.3.18f1/Editor/Data/PlaybackEngines/WindowsStandaloneSupport/UnityEditor.WindowsStandalone.Extensions.dll
Registered in 0.001520 seconds.
Native extension for WindowsStandalone target not found
Refreshing native plugins compatible for Editor in 36.42 ms, found 2 plugins.
Preloading 0 native plugins for Editor in 0.00 ms.
Mono: successfully reloaded assembly
- Completed reload, in  1.131 seconds
Domain Reload Profiling:
	ReloadAssembly (1132ms)
		BeginReloadAssembly (62ms)
			ExecutionOrderSort (0ms)
			DisableScriptedObjects (0ms)
			BackupInstance (0ms)
			ReleaseScriptingObjects (0ms)
			CreateAndSetChildDomain (2ms)
		EndReloadAssembly (531ms)
			LoadAssemblies (58ms)
			RebuildTransferFunctionScriptingTraits (0ms)
			SetupTypeCache (189ms)
			ReleaseScriptCaches (0ms)
			RebuildScriptCaches (46ms)
			SetupLoadedEditorAssemblies (202ms)
				LogAssemblyErrors (0ms)
				InitializePlatformSupportModulesInManaged (5ms)
				SetLoadedEditorAssemblies (0ms)
				RefreshPlugins (37ms)
				BeforeProcessingInitializeOnLoad (22ms)
				ProcessInitializeOnLoadAttributes (90ms)
				ProcessInitializeOnLoadMethodAttributes (48ms)
				AfterProcessingInitializeOnLoad (0ms)
				EditorAssembliesLoaded (0ms)
			ExecutionOrderSort2 (0ms)
			AwakeInstancesAfterBackupRestoration (0ms)
Platform modules already initialized, skipping
Registering precompiled user dll's ...
Registered in 0.002487 seconds.
Begin MonoManager ReloadAssembly
Native extension for WindowsStandalone target not found
Refreshing native plugins compatible for Editor in 0.34 ms, found 2 plugins.
Preloading 0 native plugins for Editor in 0.00 ms.
Mono: successfully reloaded assembly
- Completed reload, in  1.122 seconds
Domain Reload Profiling:
	ReloadAssembly (1122ms)
		BeginReloadAssembly (166ms)
			ExecutionOrderSort (0ms)
			DisableScriptedObjects (4ms)
			BackupInstance (0ms)
			ReleaseScriptingObjects (0ms)
			CreateAndSetChildDomain (25ms)
		EndReloadAssembly (898ms)
			LoadAssemblies (74ms)
			RebuildTransferFunctionScriptingTraits (0ms)
			SetupTypeCache (301ms)
			ReleaseScriptCaches (0ms)
			RebuildScriptCaches (89ms)
			SetupLoadedEditorAssemblies (347ms)
				LogAssemblyErrors (0ms)
				InitializePlatformSupportModulesInManaged (4ms)
				SetLoadedEditorAssemblies (0ms)
				RefreshPlugins (0ms)
				BeforeProcessingInitializeOnLoad (71ms)
				ProcessInitializeOnLoadAttributes (261ms)
				ProcessInitializeOnLoadMethodAttributes (4ms)
				AfterProcessingInitializeOnLoad (5ms)
				EditorAssembliesLoaded (0ms)
			ExecutionOrderSort2 (0ms)
			AwakeInstancesAfterBackupRestoration (6ms)
Platform modules already initialized, skipping
========================================================================
Worker process is ready to serve import requests
Launched and connected shader compiler UnityShaderCompiler.exe after 0.06 seconds
Refreshing native plugins compatible for Editor in 0.42 ms, found 2 plugins.
Preloading 0 native plugins for Editor in 0.00 ms.
Unloading 1427 Unused Serialized files (Serialized files now loaded: 0)
System memory in use before: 67.3 MB.
System memory in use after: 67.4 MB.

Unloading 16 unused Assets to reduce memory usage. Loaded Objects now: 1862.
Total: 3.503300 ms (FindLiveObjects: 0.288900 ms CreateObjectMapping: 0.093400 ms MarkObjects: 3.038500 ms  DeleteObjects: 0.080600 ms)

AssetImportParameters requested are different than current active one (requested -> active):
  custom:framework-win-MediaFoundation: 216162199b28c13a410421893ffa2e32 -> 
  custom:video-decoder-ogg-theora: a1e56fd34408186e4bbccfd4996cb3dc -> 
  custom:container-muxer-webm: aa71ff27fc2769a1b78a27578f13a17b -> 
  custom:container-demuxer-webm: 4f35f7cbe854078d1ac9338744f61a02 -> 
  custom:container-demuxer-ogg: 62fdf1f143b41e24485cea50d1cbac27 -> 
  custom:video-encoder-webm-vp8: eb34c28f22e8b96e1ab97ce403110664 -> 
  custom:video-codec-MediaFoundation-h265: 746d11721c4dcdbdad8f713fa42b33f4 -> 
  custom:video-decoder-webm-vp8: 9c59270c3fd7afecdb556c50c9e8de78 -> 
  custom:audio-decoder-ogg-vorbis: bf7c407c2cedff20999df2af8eb42d56 -> 
  custom:audio-encoder-webm-vorbis: bf7c407c2cedff20999df2af8eb42d56 -> 
========================================================================
Received Import Request.
  path: Assets/Scripts
  artifactKey: Guid(eabdcbe03a3264e48932955aaa68e3a2) Importer(815301076,1909f56bfc062723c751e8b465ee728b)
Start importing Assets/Scripts using Guid(eabdcbe03a3264e48932955aaa68e3a2) Importer(815301076,1909f56bfc062723c751e8b465ee728b)  -> (artifact id: '7208e16a2ed6ce0ba353ce4a4a646a98') in 0.011617 seconds 
  Import took 0.015825 seconds .

========================================================================
Received Import Request.
  Time since last request: 0.000193 seconds.
  path: Assets/Scripts/UIController.cs
  artifactKey: Guid(0538921409f2ee14280119e49984bf55) Importer(815301076,1909f56bfc062723c751e8b465ee728b)
Start importing Assets/Scripts/UIController.cs using Guid(0538921409f2ee14280119e49984bf55) Importer(815301076,1909f56bfc062723c751e8b465ee728b)  -> (artifact id: '7f8788ddb312c436a640e042200c1206') in 0.080337 seconds 
  Import took 0.082834 seconds .

========================================================================
Received Import Request.
  Time since last request: 58.269367 seconds.
  path: Assets/Scripts/Utilities
  artifactKey: Guid(cbbdb7de4a8cab9458e1337225198502) Importer(815301076,1909f56bfc062723c751e8b465ee728b)
Start importing Assets/Scripts/Utilities using Guid(cbbdb7de4a8cab9458e1337225198502) Importer(815301076,1909f56bfc062723c751e8b465ee728b)  -> (artifact id: 'a2cfce4e9f29f779acca90c0713c44bd') in 0.012051 seconds 
  Import took 0.016082 seconds .

========================================================================
Received Import Request.
  Time since last request: 2.762503 seconds.
  path: Assets/Scripts/Utilities/Types.cs
  artifactKey: Guid(72ef191915680ec41a2756fdab0d7fa1) Importer(815301076,1909f56bfc062723c751e8b465ee728b)
Start importing Assets/Scripts/Utilities/Types.cs using Guid(72ef191915680ec41a2756fdab0d7fa1) Importer(815301076,1909f56bfc062723c751e8b465ee728b)  -> (artifact id: 'e2730cdf088f4700a2258c6e4afcf471') in 0.006021 seconds 
  Import took 0.008823 seconds .

========================================================================
Received Import Request.
  Time since last request: 16.513755 seconds.
  path: Assets/Scripts/Utilities/Types.cs
  artifactKey: Guid(72ef191915680ec41a2756fdab0d7fa1) Importer(815301076,1909f56bfc062723c751e8b465ee728b)
Start importing Assets/Scripts/Utilities/Types.cs using Guid(72ef191915680ec41a2756fdab0d7fa1) Importer(815301076,1909f56bfc062723c751e8b465ee728b)  -> (artifact id: 'bf2a1ac932bbc3698c996599f0046d60') in 0.002925 seconds 
  Import took 0.006610 seconds .

========================================================================
Received Import Request.
  Time since last request: 2.835358 seconds.
  path: Assets/Scripts/Utilities/GameStateHelper.cs
  artifactKey: Guid(cae4d9a7f4b7abb41952897600f85650) Importer(815301076,1909f56bfc062723c751e8b465ee728b)
Start importing Assets/Scripts/Utilities/GameStateHelper.cs using Guid(cae4d9a7f4b7abb41952897600f85650) Importer(815301076,1909f56bfc062723c751e8b465ee728b)  -> (artifact id: 'c5723bec33df7a0e4862b4a3287f4b3d') in 0.006627 seconds 
  Import took 0.009461 seconds .

========================================================================
Received Import Request.
  Time since last request: 5.225264 seconds.
  path: Assets/Scripts/Utilities/GameLoader.cs
  artifactKey: Guid(1d80437060f7408479ea2b0bf17f6800) Importer(815301076,1909f56bfc062723c751e8b465ee728b)
Start importing Assets/Scripts/Utilities/GameLoader.cs using Guid(1d80437060f7408479ea2b0bf17f6800) Importer(815301076,1909f56bfc062723c751e8b465ee728b)  -> (artifact id: 'a11db9721b643099a3ba8f71ca51dc3a') in 0.008425 seconds 
  Import took 0.012231 seconds .

========================================================================
Received Import Request.
  Time since last request: 12.610181 seconds.
  path: Assets/Scenes/Game.unity
  artifactKey: Guid(ab853d6cca99f1e4880c981dabf2c9db) Importer(815301076,1909f56bfc062723c751e8b465ee728b)
Start importing Assets/Scenes/Game.unity using Guid(ab853d6cca99f1e4880c981dabf2c9db) Importer(815301076,1909f56bfc062723c751e8b465ee728b)  -> (artifact id: '6f975e7a4b653d5ed950f662d7265bb6') in 0.018588 seconds 
  Import took 0.021917 seconds .

========================================================================
Received Import Request.
  Time since last request: 62.417179 seconds.
  path: Assets/Scenes/PersistentManagers.unity
  artifactKey: Guid(5ea8247c01c383b4683430c4c9cbb844) Importer(815301076,1909f56bfc062723c751e8b465ee728b)
Start importing Assets/Scenes/PersistentManagers.unity using Guid(5ea8247c01c383b4683430c4c9cbb844) Importer(815301076,1909f56bfc062723c751e8b465ee728b)  -> (artifact id: '934e79cabd5a72ddf17b72f65a701fc9') in 0.010531 seconds 
  Import took 0.014289 seconds .

========================================================================
Received Import Request.
  Time since last request: 0.000533 seconds.
  path: Assets/Scenes/PersistentManagers.unity
  artifactKey: Guid(5ea8247c01c383b4683430c4c9cbb844) Importer(815301076,1909f56bfc062723c751e8b465ee728b)
Start importing Assets/Scenes/PersistentManagers.unity using Guid(5ea8247c01c383b4683430c4c9cbb844) Importer(815301076,1909f56bfc062723c751e8b465ee728b)  -> (artifact id: '934e79cabd5a72ddf17b72f65a701fc9') in 0.003345 seconds 
  Import took 0.006604 seconds .

========================================================================
Received Import Request.
  Time since last request: 26.496359 seconds.
  path: Assets/Scripts/Managers/GameLoopManager.cs
  artifactKey: Guid(04cf3ead7593ca64086f80f02559f6b4) Importer(815301076,1909f56bfc062723c751e8b465ee728b)
Start importing Assets/Scripts/Managers/GameLoopManager.cs using Guid(04cf3ead7593ca64086f80f02559f6b4) Importer(815301076,1909f56bfc062723c751e8b465ee728b)  -> (artifact id: '4c934543048abf762b989babf9116fd2') in 0.007472 seconds 
  Import took 0.010337 seconds .

========================================================================
Received Import Request.
  Time since last request: 62.451228 seconds.
  path: Assets/Scenes/GameSettings.lighting
  artifactKey: Guid(c1c34800754cdee44a12c862bdc9f4be) Importer(815301076,1909f56bfc062723c751e8b465ee728b)
Start importing Assets/Scenes/GameSettings.lighting using Guid(c1c34800754cdee44a12c862bdc9f4be) Importer(815301076,1909f56bfc062723c751e8b465ee728b)  -> (artifact id: '2751667943ce432a81f9b2a60c231842') in 0.013113 seconds 
  Import took 0.016628 seconds .

========================================================================
Received Import Request.
  Time since last request: 1.441094 seconds.
  path: Assets/Scenes/GameSettings.lighting
  artifactKey: Guid(c1c34800754cdee44a12c862bdc9f4be) Importer(815301076,1909f56bfc062723c751e8b465ee728b)
Start importing Assets/Scenes/GameSettings.lighting using Guid(c1c34800754cdee44a12c862bdc9f4be) Importer(815301076,1909f56bfc062723c751e8b465ee728b)  -> (artifact id: '2751667943ce432a81f9b2a60c231842') in 0.005408 seconds 
  Import took 0.010233 seconds .

========================================================================
Received Import Request.
  Time since last request: 4.891146 seconds.
  path: Assets/Scenes/LoadingScreen.unity
  artifactKey: Guid(5e24f6262616cf248b6c81f43d0e3458) Importer(815301076,1909f56bfc062723c751e8b465ee728b)
Start importing Assets/Scenes/LoadingScreen.unity using Guid(5e24f6262616cf248b6c81f43d0e3458) Importer(815301076,1909f56bfc062723c751e8b465ee728b)  -> (artifact id: '7a145a1fc1c0857e2f45576fb321b417') in 0.010035 seconds 
  Import took 0.013509 seconds .

========================================================================
Received Import Request.
  Time since last request: 1.998946 seconds.
  path: Assets/Scenes/MainMenu.unity
  artifactKey: Guid(5c97ff4a7b181ff4bb2c16e8f47c1914) Importer(815301076,1909f56bfc062723c751e8b465ee728b)
Start importing Assets/Scenes/MainMenu.unity using Guid(5c97ff4a7b181ff4bb2c16e8f47c1914) Importer(815301076,1909f56bfc062723c751e8b465ee728b)  -> (artifact id: '64c6aa7515ef85f9f34df322c3eaddad') in 0.010150 seconds 
  Import took 0.013748 seconds .

========================================================================
Received Prepare
Registering precompiled user dll's ...
Registered in 0.001928 seconds.
Begin MonoManager ReloadAssembly
Native extension for WindowsStandalone target not found
Refreshing native plugins compatible for Editor in 0.35 ms, found 2 plugins.
Preloading 0 native plugins for Editor in 0.00 ms.
Mono: successfully reloaded assembly
- Completed reload, in  1.156 seconds
Domain Reload Profiling:
	ReloadAssembly (1157ms)
		BeginReloadAssembly (121ms)
			ExecutionOrderSort (0ms)
			DisableScriptedObjects (10ms)
			BackupInstance (0ms)
			ReleaseScriptingObjects (0ms)
			CreateAndSetChildDomain (45ms)
		EndReloadAssembly (969ms)
			LoadAssemblies (80ms)
			RebuildTransferFunctionScriptingTraits (0ms)
			SetupTypeCache (339ms)
			ReleaseScriptCaches (1ms)
			RebuildScriptCaches (57ms)
			SetupLoadedEditorAssemblies (344ms)
				LogAssemblyErrors (0ms)
				InitializePlatformSupportModulesInManaged (5ms)
				SetLoadedEditorAssemblies (0ms)
				RefreshPlugins (0ms)
				BeforeProcessingInitializeOnLoad (65ms)
				ProcessInitializeOnLoadAttributes (264ms)
				ProcessInitializeOnLoadMethodAttributes (4ms)
				AfterProcessingInitializeOnLoad (5ms)
				EditorAssembliesLoaded (0ms)
			ExecutionOrderSort2 (0ms)
			AwakeInstancesAfterBackupRestoration (6ms)
Platform modules already initialized, skipping
Refreshing native plugins compatible for Editor in 0.49 ms, found 2 plugins.
Preloading 0 native plugins for Editor in 0.00 ms.
Unloading 1407 Unused Serialized files (Serialized files now loaded: 0)
System memory in use before: 65.9 MB.
System memory in use after: 66.0 MB.

Unloading 12 unused Assets to reduce memory usage. Loaded Objects now: 1863.
Total: 3.625900 ms (FindLiveObjects: 0.213000 ms CreateObjectMapping: 0.044000 ms MarkObjects: 3.346000 ms  DeleteObjects: 0.021600 ms)

AssetImportParameters requested are different than current active one (requested -> active):
  custom:framework-win-MediaFoundation: 216162199b28c13a410421893ffa2e32 -> 
  custom:video-decoder-ogg-theora: a1e56fd34408186e4bbccfd4996cb3dc -> 
  custom:container-muxer-webm: aa71ff27fc2769a1b78a27578f13a17b -> 
  custom:container-demuxer-webm: 4f35f7cbe854078d1ac9338744f61a02 -> 
  custom:container-demuxer-ogg: 62fdf1f143b41e24485cea50d1cbac27 -> 
  custom:video-encoder-webm-vp8: eb34c28f22e8b96e1ab97ce403110664 -> 
  custom:video-codec-MediaFoundation-h265: 746d11721c4dcdbdad8f713fa42b33f4 -> 
  custom:video-decoder-webm-vp8: 9c59270c3fd7afecdb556c50c9e8de78 -> 
  custom:audio-decoder-ogg-vorbis: bf7c407c2cedff20999df2af8eb42d56 -> 
  custom:audio-encoder-webm-vorbis: bf7c407c2cedff20999df2af8eb42d56 -> 
========================================================================
Received Import Request.
  Time since last request: 173.993591 seconds.
  path: Assets/Scenes/Game.unity
  artifactKey: Guid(ab853d6cca99f1e4880c981dabf2c9db) Importer(815301076,1909f56bfc062723c751e8b465ee728b)
Start importing Assets/Scenes/Game.unity using Guid(ab853d6cca99f1e4880c981dabf2c9db) Importer(815301076,1909f56bfc062723c751e8b465ee728b)  -> (artifact id: 'ccb28814f867fb00d06326a2a4c89dbf') in 0.015047 seconds 
  Import took 0.018456 seconds .

========================================================================
Received Import Request.
  Time since last request: 33.564621 seconds.
  path: Assets/Resources/Utilities
  artifactKey: Guid(1ec17ec9ca31c494fae7056b8dd14fd9) Importer(815301076,1909f56bfc062723c751e8b465ee728b)
Start importing Assets/Resources/Utilities using Guid(1ec17ec9ca31c494fae7056b8dd14fd9) Importer(815301076,1909f56bfc062723c751e8b465ee728b)  -> (artifact id: 'afa455b40aa791a747c8b06019dd78fc') in 0.003442 seconds 
  Import took 0.006987 seconds .

========================================================================
Received Import Request.
  Time since last request: 2.578414 seconds.
  path: Assets/Resources/Materials
  artifactKey: Guid(05dfea8c79b375f4f86a5bb9d5477ee6) Importer(815301076,1909f56bfc062723c751e8b465ee728b)
Start importing Assets/Resources/Materials using Guid(05dfea8c79b375f4f86a5bb9d5477ee6) Importer(815301076,1909f56bfc062723c751e8b465ee728b)  -> (artifact id: '600841d18219ec8afdf02356a895db33') in 0.009964 seconds 
  Import took 0.013477 seconds .

========================================================================
Received Import Request.
  Time since last request: 0.000434 seconds.
  path: Assets/Resources/Materials
  artifactKey: Guid(05dfea8c79b375f4f86a5bb9d5477ee6) Importer(815301076,1909f56bfc062723c751e8b465ee728b)
Start importing Assets/Resources/Materials using Guid(05dfea8c79b375f4f86a5bb9d5477ee6) Importer(815301076,1909f56bfc062723c751e8b465ee728b)  -> (artifact id: '600841d18219ec8afdf02356a895db33') in 0.002860 seconds 
  Import took 0.005926 seconds .

========================================================================
Received Import Request.
  Time since last request: 0.035419 seconds.
  path: Assets/Resources/Materials/BlackMat.mat
  artifactKey: Guid(21481a2df5315234cbc9c2ee772c7cfe) Importer(815301076,1909f56bfc062723c751e8b465ee728b)
Start importing Assets/Resources/Materials/BlackMat.mat using Guid(21481a2df5315234cbc9c2ee772c7cfe) Importer(815301076,1909f56bfc062723c751e8b465ee728b)  -> (artifact id: 'bcdec11d76f5d8fc3f6f59e726f8c715') in 0.315909 seconds 
  Import took 0.319389 seconds .

========================================================================
Received Import Request.
  Time since last request: 0.000231 seconds.
  path: Assets/Resources/Materials/PurpleMat.mat
  artifactKey: Guid(c00659280fad91841857f07b1b651900) Importer(815301076,1909f56bfc062723c751e8b465ee728b)
Start importing Assets/Resources/Materials/PurpleMat.mat using Guid(c00659280fad91841857f07b1b651900) Importer(815301076,1909f56bfc062723c751e8b465ee728b)  -> (artifact id: 'ea97386fcf957b1ad1df81d322cbf05c') in 0.020032 seconds 
  Import took 0.022849 seconds .

========================================================================
Received Import Request.
  Time since last request: 0.000443 seconds.
  path: Assets/Resources/Materials/YellowMat.mat
  artifactKey: Guid(156ae36650bbde242ae9eaf14962ef78) Importer(815301076,1909f56bfc062723c751e8b465ee728b)
Start importing Assets/Resources/Materials/YellowMat.mat using Guid(156ae36650bbde242ae9eaf14962ef78) Importer(815301076,1909f56bfc062723c751e8b465ee728b)  -> (artifact id: '6647cb2cf966d02d08a15159dc0bd3c9') in 0.018223 seconds 
  Import took 0.022508 seconds .

========================================================================
Received Import Request.
  Time since last request: 0.000269 seconds.
  path: Assets/Resources/Materials/BlueMat.mat
  artifactKey: Guid(aed8ca58f252f744caefee2b4db53648) Importer(815301076,1909f56bfc062723c751e8b465ee728b)
Start importing Assets/Resources/Materials/BlueMat.mat using Guid(aed8ca58f252f744caefee2b4db53648) Importer(815301076,1909f56bfc062723c751e8b465ee728b)  -> (artifact id: 'a75c7c2738b6aa0c5d35ef64b5543477') in 0.016047 seconds 
  Import took 0.018606 seconds .

========================================================================
Received Import Request.
  Time since last request: 0.000241 seconds.
  path: Assets/Resources/Materials/LightGreyMat.mat
  artifactKey: Guid(c388adf8ce4f6424ea254496c0be380f) Importer(815301076,1909f56bfc062723c751e8b465ee728b)
Start importing Assets/Resources/Materials/LightGreyMat.mat using Guid(c388adf8ce4f6424ea254496c0be380f) Importer(815301076,1909f56bfc062723c751e8b465ee728b)  -> (artifact id: '04120ccd1c9cf713cee7b49db2ae5dbd') in 0.013144 seconds 
  Import took 0.016200 seconds .

========================================================================
Received Import Request.
  Time since last request: 0.000203 seconds.
  path: Assets/Resources/Materials/RedMat.mat
  artifactKey: Guid(fe73c1943ffddc44e96e05c30b1cb8d4) Importer(815301076,1909f56bfc062723c751e8b465ee728b)
Start importing Assets/Resources/Materials/RedMat.mat using Guid(fe73c1943ffddc44e96e05c30b1cb8d4) Importer(815301076,1909f56bfc062723c751e8b465ee728b)  -> (artifact id: '41cf54e0acc018f88991d10bf1d01b97') in 0.013318 seconds 
  Import took 0.016056 seconds .

========================================================================
Received Import Request.
  Time since last request: 3.106002 seconds.
  path: Assets/Plugins/Tools
  artifactKey: Guid(8301de562a423024ca788d8846519470) Importer(815301076,1909f56bfc062723c751e8b465ee728b)
Start importing Assets/Plugins/Tools using Guid(8301de562a423024ca788d8846519470) Importer(815301076,1909f56bfc062723c751e8b465ee728b)  -> (artifact id: 'c584a4020ba287be717d57813c0b96a3') in 0.008160 seconds 
  Import took 0.011695 seconds .

========================================================================
Received Import Request.
  Time since last request: 0.916791 seconds.
  path: Assets/Plugins/Tools/Editor
  artifactKey: Guid(8a9837753a2369b4e9710cf3afea2d5b) Importer(815301076,1909f56bfc062723c751e8b465ee728b)
Start importing Assets/Plugins/Tools/Editor using Guid(8a9837753a2369b4e9710cf3afea2d5b) Importer(815301076,1909f56bfc062723c751e8b465ee728b)  -> (artifact id: '6fa298e6a54ec26c83d2b900a8bb9aba') in 0.009058 seconds 
  Import took 0.013036 seconds .

========================================================================
Received Import Request.
  Time since last request: 0.000391 seconds.
  path: Assets/Plugins/Tools/Editor
  artifactKey: Guid(8a9837753a2369b4e9710cf3afea2d5b) Importer(815301076,1909f56bfc062723c751e8b465ee728b)
Start importing Assets/Plugins/Tools/Editor using Guid(8a9837753a2369b4e9710cf3afea2d5b) Importer(815301076,1909f56bfc062723c751e8b465ee728b)  -> (artifact id: '6fa298e6a54ec26c83d2b900a8bb9aba') in 0.006938 seconds 
  Import took 0.013280 seconds .

========================================================================
Received Import Request.
  Time since last request: 1.784913 seconds.
  path: Assets/Plugins/Tools/Editor/Utilities
  artifactKey: Guid(4665ed8ffc5b2324aa650a25fa045677) Importer(815301076,1909f56bfc062723c751e8b465ee728b)
Start importing Assets/Plugins/Tools/Editor/Utilities using Guid(4665ed8ffc5b2324aa650a25fa045677) Importer(815301076,1909f56bfc062723c751e8b465ee728b)  -> (artifact id: '096b8e980604313e5dab773812b30e01') in 0.003991 seconds 
  Import took 0.007675 seconds .

========================================================================
Received Import Request.
  Time since last request: 172.367723 seconds.
  path: Assets/Scenes/SampleScene.unity
  artifactKey: Guid(9fc0d4010bbf28b4594072e72b8655ab) Importer(815301076,1909f56bfc062723c751e8b465ee728b)
Start importing Assets/Scenes/SampleScene.unity using Guid(9fc0d4010bbf28b4594072e72b8655ab) Importer(815301076,1909f56bfc062723c751e8b465ee728b)  -> (artifact id: '85059f4f9e1a832ed95adaa0d25c5c4c') in 0.009619 seconds 
  Import took 0.013551 seconds .

========================================================================
Received Import Request.
  Time since last request: 0.000912 seconds.
  path: Assets/Scenes/SampleScene.unity
  artifactKey: Guid(9fc0d4010bbf28b4594072e72b8655ab) Importer(815301076,1909f56bfc062723c751e8b465ee728b)
Start importing Assets/Scenes/SampleScene.unity using Guid(9fc0d4010bbf28b4594072e72b8655ab) Importer(815301076,1909f56bfc062723c751e8b465ee728b)  -> (artifact id: '85059f4f9e1a832ed95adaa0d25c5c4c') in 0.003444 seconds 
  Import took 0.007026 seconds .

========================================================================
Received Prepare
Registering precompiled user dll's ...
Registered in 0.001985 seconds.
Begin MonoManager ReloadAssembly
Native extension for WindowsStandalone target not found
Refreshing native plugins compatible for Editor in 0.36 ms, found 2 plugins.
Preloading 0 native plugins for Editor in 0.00 ms.
Mono: successfully reloaded assembly
- Completed reload, in  1.061 seconds
Domain Reload Profiling:
	ReloadAssembly (1062ms)
		BeginReloadAssembly (154ms)
			ExecutionOrderSort (0ms)
			DisableScriptedObjects (10ms)
			BackupInstance (0ms)
			ReleaseScriptingObjects (0ms)
			CreateAndSetChildDomain (64ms)
		EndReloadAssembly (843ms)
			LoadAssemblies (74ms)
			RebuildTransferFunctionScriptingTraits (0ms)
			SetupTypeCache (330ms)
			ReleaseScriptCaches (1ms)
			RebuildScriptCaches (39ms)
			SetupLoadedEditorAssemblies (290ms)
				LogAssemblyErrors (0ms)
				InitializePlatformSupportModulesInManaged (4ms)
				SetLoadedEditorAssemblies (0ms)
				RefreshPlugins (0ms)
				BeforeProcessingInitializeOnLoad (57ms)
				ProcessInitializeOnLoadAttributes (219ms)
				ProcessInitializeOnLoadMethodAttributes (4ms)
				AfterProcessingInitializeOnLoad (5ms)
				EditorAssembliesLoaded (0ms)
			ExecutionOrderSort2 (0ms)
			AwakeInstancesAfterBackupRestoration (6ms)
Platform modules already initialized, skipping
Refreshing native plugins compatible for Editor in 0.36 ms, found 2 plugins.
Preloading 0 native plugins for Editor in 0.00 ms.
Unloading 1407 Unused Serialized files (Serialized files now loaded: 0)
System memory in use before: 69.2 MB.
System memory in use after: 69.3 MB.

Unloading 11 unused Assets to reduce memory usage. Loaded Objects now: 1905.
Total: 3.219400 ms (FindLiveObjects: 0.289200 ms CreateObjectMapping: 0.080700 ms MarkObjects: 2.831200 ms  DeleteObjects: 0.016900 ms)

AssetImportParameters requested are different than current active one (requested -> active):
  custom:framework-win-MediaFoundation: 216162199b28c13a410421893ffa2e32 -> 
  custom:video-decoder-ogg-theora: a1e56fd34408186e4bbccfd4996cb3dc -> 
  custom:container-muxer-webm: aa71ff27fc2769a1b78a27578f13a17b -> 
  custom:container-demuxer-webm: 4f35f7cbe854078d1ac9338744f61a02 -> 
  custom:container-demuxer-ogg: 62fdf1f143b41e24485cea50d1cbac27 -> 
  custom:video-encoder-webm-vp8: eb34c28f22e8b96e1ab97ce403110664 -> 
  custom:video-codec-MediaFoundation-h265: 746d11721c4dcdbdad8f713fa42b33f4 -> 
  custom:video-decoder-webm-vp8: 9c59270c3fd7afecdb556c50c9e8de78 -> 
  custom:audio-decoder-ogg-vorbis: bf7c407c2cedff20999df2af8eb42d56 -> 
  custom:audio-encoder-webm-vorbis: bf7c407c2cedff20999df2af8eb42d56 -> 
========================================================================
Received Prepare
Registering precompiled user dll's ...
Registered in 0.005667 seconds.
Begin MonoManager ReloadAssembly
Native extension for WindowsStandalone target not found
Refreshing native plugins compatible for Editor in 0.35 ms, found 2 plugins.
Preloading 0 native plugins for Editor in 0.00 ms.
Mono: successfully reloaded assembly
- Completed reload, in  1.249 seconds
Domain Reload Profiling:
	ReloadAssembly (1250ms)
		BeginReloadAssembly (161ms)
			ExecutionOrderSort (0ms)
			DisableScriptedObjects (5ms)
			BackupInstance (0ms)
			ReleaseScriptingObjects (0ms)
			CreateAndSetChildDomain (52ms)
		EndReloadAssembly (1017ms)
			LoadAssemblies (102ms)
			RebuildTransferFunctionScriptingTraits (0ms)
			SetupTypeCache (331ms)
			ReleaseScriptCaches (1ms)
			RebuildScriptCaches (48ms)
			SetupLoadedEditorAssemblies (388ms)
				LogAssemblyErrors (0ms)
				InitializePlatformSupportModulesInManaged (5ms)
				SetLoadedEditorAssemblies (0ms)
				RefreshPlugins (0ms)
				BeforeProcessingInitializeOnLoad (66ms)
				ProcessInitializeOnLoadAttributes (308ms)
				ProcessInitializeOnLoadMethodAttributes (4ms)
				AfterProcessingInitializeOnLoad (5ms)
				EditorAssembliesLoaded (0ms)
			ExecutionOrderSort2 (0ms)
			AwakeInstancesAfterBackupRestoration (6ms)
Platform modules already initialized, skipping
Refreshing native plugins compatible for Editor in 0.60 ms, found 2 plugins.
Preloading 0 native plugins for Editor in 0.00 ms.
Unloading 1407 Unused Serialized files (Serialized files now loaded: 0)
System memory in use before: 69.3 MB.
System memory in use after: 69.4 MB.

Unloading 11 unused Assets to reduce memory usage. Loaded Objects now: 1907.
Total: 4.140200 ms (FindLiveObjects: 0.272500 ms CreateObjectMapping: 0.068900 ms MarkObjects: 3.775600 ms  DeleteObjects: 0.021700 ms)

AssetImportParameters requested are different than current active one (requested -> active):
  custom:framework-win-MediaFoundation: 216162199b28c13a410421893ffa2e32 -> 
  custom:video-decoder-ogg-theora: a1e56fd34408186e4bbccfd4996cb3dc -> 
  custom:container-muxer-webm: aa71ff27fc2769a1b78a27578f13a17b -> 
  custom:container-demuxer-webm: 4f35f7cbe854078d1ac9338744f61a02 -> 
  custom:container-demuxer-ogg: 62fdf1f143b41e24485cea50d1cbac27 -> 
  custom:video-encoder-webm-vp8: eb34c28f22e8b96e1ab97ce403110664 -> 
  custom:video-codec-MediaFoundation-h265: 746d11721c4dcdbdad8f713fa42b33f4 -> 
  custom:video-decoder-webm-vp8: 9c59270c3fd7afecdb556c50c9e8de78 -> 
  custom:audio-decoder-ogg-vorbis: bf7c407c2cedff20999df2af8eb42d56 -> 
  custom:audio-encoder-webm-vorbis: bf7c407c2cedff20999df2af8eb42d56 -> 
========================================================================
Received Import Request.
  Time since last request: 74.854880 seconds.
  path: Assets/TextMesh Pro/Resources/Fonts & Materials/LiberationSans SDF - Drop Shadow.mat
  artifactKey: Guid(e73a58f6e2794ae7b1b7e50b7fb811b0) Importer(815301076,1909f56bfc062723c751e8b465ee728b)
Start importing Assets/TextMesh Pro/Resources/Fonts & Materials/LiberationSans SDF - Drop Shadow.mat using Guid(e73a58f6e2794ae7b1b7e50b7fb811b0) Importer(815301076,1909f56bfc062723c751e8b465ee728b)  -> (artifact id: 'ca0d2861f60500f05bd29199894f7bb5') in 0.224071 seconds 
  Import took 0.227031 seconds .

========================================================================
Received Import Request.
  Time since last request: 0.016893 seconds.
  path: Assets/TextMesh Pro/Documentation
  artifactKey: Guid(8e7e8f5a82a3a134e91c54efd2274ea9) Importer(815301076,1909f56bfc062723c751e8b465ee728b)
Start importing Assets/TextMesh Pro/Documentation using Guid(8e7e8f5a82a3a134e91c54efd2274ea9) Importer(815301076,1909f56bfc062723c751e8b465ee728b)  -> (artifact id: '7f5aa99e36510f23d626084d8be9669f') in 0.006651 seconds 
  Import took 0.009851 seconds .

========================================================================
Received Import Request.
  Time since last request: 0.005079 seconds.
  path: Assets/TextMesh Pro/Shaders/TMPro.cginc
  artifactKey: Guid(407bc68d299748449bbf7f48ee690f8d) Importer(815301076,1909f56bfc062723c751e8b465ee728b)
Start importing Assets/TextMesh Pro/Shaders/TMPro.cginc using Guid(407bc68d299748449bbf7f48ee690f8d) Importer(815301076,1909f56bfc062723c751e8b465ee728b)  -> (artifact id: 'a7b84941a55f9012bae7f955040ccce9') in 0.007349 seconds 
  Import took 0.011906 seconds .

========================================================================
Received Import Request.
  Time since last request: 0.018649 seconds.
  path: Assets/TextMesh Pro/Shaders/TMPro_Surface.cginc
  artifactKey: Guid(d930090c0cd643c7b55f19a38538c162) Importer(815301076,1909f56bfc062723c751e8b465ee728b)
Start importing Assets/TextMesh Pro/Shaders/TMPro_Surface.cginc using Guid(d930090c0cd643c7b55f19a38538c162) Importer(815301076,1909f56bfc062723c751e8b465ee728b)  -> (artifact id: '7a635ec737c90890fe650212c09c6b5b') in 0.011659 seconds 
  Import took 0.015109 seconds .

========================================================================
Received Import Request.
  Time since last request: 0.006999 seconds.
  path: Assets/Scripts/Engine/GameState.cs
  artifactKey: Guid(60a6e3e66c54f1f45bcc7adf8231f5db) Importer(815301076,1909f56bfc062723c751e8b465ee728b)
Start importing Assets/Scripts/Engine/GameState.cs using Guid(60a6e3e66c54f1f45bcc7adf8231f5db) Importer(815301076,1909f56bfc062723c751e8b465ee728b)  -> (artifact id: '2e9c12a2555c4e1c1e501adcb3554328') in 0.006408 seconds 
  Import took 0.009720 seconds .

========================================================================
Received Import Request.
  Time since last request: 0.008444 seconds.
  path: Assets/TextMesh Pro/Fonts/LiberationSans - OFL.txt
  artifactKey: Guid(6e59c59b81ab47f9b6ec5781fa725d2c) Importer(815301076,1909f56bfc062723c751e8b465ee728b)
Start importing Assets/TextMesh Pro/Fonts/LiberationSans - OFL.txt using Guid(6e59c59b81ab47f9b6ec5781fa725d2c) Importer(815301076,1909f56bfc062723c751e8b465ee728b)  -> (artifact id: 'd8ed59a48b952935c94a9302b2b79e3d') in 0.012176 seconds 
  Import took 0.017776 seconds .

========================================================================
Received Import Request.
  Time since last request: 0.006712 seconds.
  path: Assets/TextMesh Pro/Resources/Style Sheets
  artifactKey: Guid(4aecb92fff08436c8303b10eab8da368) Importer(815301076,1909f56bfc062723c751e8b465ee728b)
Start importing Assets/TextMesh Pro/Resources/Style Sheets using Guid(4aecb92fff08436c8303b10eab8da368) Importer(815301076,1909f56bfc062723c751e8b465ee728b)  -> (artifact id: '8eb160d1f2f0150837d5eca199ae2098') in 0.005172 seconds 
  Import took 0.007730 seconds .

========================================================================
Received Import Request.
  Time since last request: 0.003354 seconds.
  path: Assets/TextMesh Pro/Shaders
  artifactKey: Guid(e9f693669af91aa45ad615fc681ed29f) Importer(815301076,1909f56bfc062723c751e8b465ee728b)
Start importing Assets/TextMesh Pro/Shaders using Guid(e9f693669af91aa45ad615fc681ed29f) Importer(815301076,1909f56bfc062723c751e8b465ee728b)  -> (artifact id: '486066d15e4e2d1f404625b357b63227') in 0.006017 seconds 
  Import took 0.010170 seconds .

========================================================================
Received Import Request.
  Time since last request: 0.010256 seconds.
  path: Assets/Scripts/Managers/InputManager.cs
  artifactKey: Guid(7a3333fc48882d145a1f04fbe097f98a) Importer(815301076,1909f56bfc062723c751e8b465ee728b)
Start importing Assets/Scripts/Managers/InputManager.cs using Guid(7a3333fc48882d145a1f04fbe097f98a) Importer(815301076,1909f56bfc062723c751e8b465ee728b)  -> (artifact id: '2c025aa8d22ad5edd4bcd1130358ce94') in 0.007155 seconds 
  Import took 0.011646 seconds .

========================================================================
Received Import Request.
  Time since last request: 0.004784 seconds.
  path: Assets/Scripts/Managers/GameManager.cs
  artifactKey: Guid(95c7f5e07cf93cb48840be40dd44814c) Importer(815301076,1909f56bfc062723c751e8b465ee728b)
Start importing Assets/Scripts/Managers/GameManager.cs using Guid(95c7f5e07cf93cb48840be40dd44814c) Importer(815301076,1909f56bfc062723c751e8b465ee728b)  -> (artifact id: 'b0999773ea1cdb515010c759194e9649') in 0.010143 seconds 
  Import took 0.013950 seconds .

========================================================================
Received Import Request.
  Time since last request: 0.005109 seconds.
  path: Assets/TextMesh Pro/Resources/Sprite Assets/EmojiOne.asset
  artifactKey: Guid(c41005c129ba4d66911b75229fd70b45) Importer(815301076,1909f56bfc062723c751e8b465ee728b)
Start importing Assets/TextMesh Pro/Resources/Sprite Assets/EmojiOne.asset using Guid(c41005c129ba4d66911b75229fd70b45) Importer(815301076,1909f56bfc062723c751e8b465ee728b)  -> (artifact id: '093a2cdfc4701742cd4e2e9653a3929b') in 0.020647 seconds 
  Import took 0.023773 seconds .

========================================================================
Received Import Request.
  Time since last request: 0.006233 seconds.
  path: Assets/Scripts/Engine/LoadingState.cs
  artifactKey: Guid(442310e1745d11b4da700c66c9239594) Importer(815301076,1909f56bfc062723c751e8b465ee728b)
Start importing Assets/Scripts/Engine/LoadingState.cs using Guid(442310e1745d11b4da700c66c9239594) Importer(815301076,1909f56bfc062723c751e8b465ee728b)  -> (artifact id: '6eac0e0b3de09454acfa575090231715') in 0.008886 seconds 
  Import took 0.012900 seconds .

========================================================================
Received Import Request.
  Time since last request: 0.009626 seconds.
  path: Assets/TextMesh Pro/Shaders/TMP_SDF-Mobile Masking.shader
  artifactKey: Guid(bc1ede39bf3643ee8e493720e4259791) Importer(815301076,1909f56bfc062723c751e8b465ee728b)
Start importing Assets/TextMesh Pro/Shaders/TMP_SDF-Mobile Masking.shader using Guid(bc1ede39bf3643ee8e493720e4259791) Importer(815301076,1909f56bfc062723c751e8b465ee728b)  -> (artifact id: 'b8bd5d49daac8dda02260fcd08f5fdb0') in 0.011780 seconds 
  Import took 0.015705 seconds .

========================================================================
Received Import Request.
  Time since last request: 0.006012 seconds.
  path: Assets/TextMesh Pro/Shaders/TMP_SDF SSD.shader
  artifactKey: Guid(14eb328de4b8eb245bb7cea29e4ac00b) Importer(815301076,1909f56bfc062723c751e8b465ee728b)
Start importing Assets/TextMesh Pro/Shaders/TMP_SDF SSD.shader using Guid(14eb328de4b8eb245bb7cea29e4ac00b) Importer(815301076,1909f56bfc062723c751e8b465ee728b)  -> (artifact id: 'a16732e234f5092b144614bc060de7eb') in 0.006224 seconds 
  Import took 0.008961 seconds .

========================================================================
Received Import Request.
  Time since last request: 0.004631 seconds.
  path: Assets/TextMesh Pro/Shaders/TMP_SDF-Mobile.shader
  artifactKey: Guid(fe393ace9b354375a9cb14cdbbc28be4) Importer(815301076,1909f56bfc062723c751e8b465ee728b)
Start importing Assets/TextMesh Pro/Shaders/TMP_SDF-Mobile.shader using Guid(fe393ace9b354375a9cb14cdbbc28be4) Importer(815301076,1909f56bfc062723c751e8b465ee728b)  -> (artifact id: 'fc43cc6fee3e84d677e125003657976d') in 0.005546 seconds 
  Import took 0.008071 seconds .

========================================================================
Received Import Request.
  Time since last request: 0.004690 seconds.
  path: Assets/TextMesh Pro/Shaders/TMPro_Mobile.cginc
  artifactKey: Guid(c334973cef89a9840b0b0c507e0377ab) Importer(815301076,1909f56bfc062723c751e8b465ee728b)
Start importing Assets/TextMesh Pro/Shaders/TMPro_Mobile.cginc using Guid(c334973cef89a9840b0b0c507e0377ab) Importer(815301076,1909f56bfc062723c751e8b465ee728b)  -> (artifact id: '858a7b7b43960fe146a89d5439ebbdfb') in 0.006716 seconds 
  Import took 0.009494 seconds .

========================================================================
Received Import Request.
  Time since last request: 0.004620 seconds.
  path: Assets/TextMesh Pro/Shaders/TMP_Sprite.shader
  artifactKey: Guid(cf81c85f95fe47e1a27f6ae460cf182c) Importer(815301076,1909f56bfc062723c751e8b465ee728b)
Start importing Assets/TextMesh Pro/Shaders/TMP_Sprite.shader using Guid(cf81c85f95fe47e1a27f6ae460cf182c) Importer(815301076,1909f56bfc062723c751e8b465ee728b)  -> (artifact id: '9f878c20613ef2befe3d08e8f5faf791') in 0.005887 seconds 
  Import took 0.008971 seconds .

========================================================================
Received Import Request.
  Time since last request: 0.014341 seconds.
  path: Assets/Resources/Utilities/OpenedScenes.txt
  artifactKey: Guid(5c00adfe7d79c2a47bf8c925193d6200) Importer(815301076,1909f56bfc062723c751e8b465ee728b)
Start importing Assets/Resources/Utilities/OpenedScenes.txt using Guid(5c00adfe7d79c2a47bf8c925193d6200) Importer(815301076,1909f56bfc062723c751e8b465ee728b)  -> (artifact id: '00000000000000000000000000000000') in 0.000818 seconds  code(4) message(Build asset version error: assets/resources/utilities/openedscenes.txt in SourceAssetDB has modification time of '2021-06-23T13:56:46Z' while content on disk has modification time of '2021-09-22T07:57:49.6965835Z')
  ERROR: Build asset version error: assets/resources/utilities/openedscenes.txt in SourceAssetDB has modification time of '2021-06-23T13:56:46Z' while content on disk has modification time of '2021-09-22T07:57:49.6965835Z'
  Import took 0.003590 seconds .

========================================================================
Received Import Request.
  Time since last request: 0.002819 seconds.
  path: Assets/Resources
  artifactKey: Guid(a42b58a90a9e85346a58c92446bfd904) Importer(815301076,1909f56bfc062723c751e8b465ee728b)
Start importing Assets/Resources using Guid(a42b58a90a9e85346a58c92446bfd904) Importer(815301076,1909f56bfc062723c751e8b465ee728b)  -> (artifact id: 'ee17d0b6b6f6cd3683962a968144b38a') in 0.005600 seconds 
  Import took 0.009214 seconds .

========================================================================
Received Import Request.
  Time since last request: 0.011957 seconds.
  path: Assets/Scripts/MainMenu/MainMenuController.cs
  artifactKey: Guid(9efdb5a82c6e5c44c80fc84d32ea1334) Importer(815301076,1909f56bfc062723c751e8b465ee728b)
Start importing Assets/Scripts/MainMenu/MainMenuController.cs using Guid(9efdb5a82c6e5c44c80fc84d32ea1334) Importer(815301076,1909f56bfc062723c751e8b465ee728b)  -> (artifact id: '25a559d1cfe9ef992e6cc277e34d50d5') in 0.005509 seconds 
  Import took 0.008084 seconds .

========================================================================
Received Import Request.
  Time since last request: 0.004711 seconds.
  path: Assets/TextMesh Pro/Shaders/TMP_SDF.shader
  artifactKey: Guid(68e6db2ebdc24f95958faec2be5558d6) Importer(815301076,1909f56bfc062723c751e8b465ee728b)
Start importing Assets/TextMesh Pro/Shaders/TMP_SDF.shader using Guid(68e6db2ebdc24f95958faec2be5558d6) Importer(815301076,1909f56bfc062723c751e8b465ee728b)  -> (artifact id: '57f2d7be2b55efd90705fe3bd34393de') in 0.006294 seconds 
  Import took 0.009661 seconds .

========================================================================
Received Import Request.
  Time since last request: 0.005143 seconds.
  path: Assets/TextMesh Pro/Resources/Fonts & Materials/LiberationSans SDF - Fallback.asset
  artifactKey: Guid(2e498d1c8094910479dc3e1b768306a4) Importer(815301076,1909f56bfc062723c751e8b465ee728b)
Start importing Assets/TextMesh Pro/Resources/Fonts & Materials/LiberationSans SDF - Fallback.asset using Guid(2e498d1c8094910479dc3e1b768306a4) Importer(815301076,1909f56bfc062723c751e8b465ee728b)  -> (artifact id: '3c50eb3cc273798ea7b5dde160d38770') in 0.054778 seconds 
  Import took 0.059717 seconds .

========================================================================
Received Import Request.
  Time since last request: 0.017982 seconds.
  path: Assets/TextMesh Pro/Shaders/TMP_Bitmap.shader
  artifactKey: Guid(128e987d567d4e2c824d754223b3f3b0) Importer(815301076,1909f56bfc062723c751e8b465ee728b)
Start importing Assets/TextMesh Pro/Shaders/TMP_Bitmap.shader using Guid(128e987d567d4e2c824d754223b3f3b0) Importer(815301076,1909f56bfc062723c751e8b465ee728b)  -> (artifact id: '9f22672355b561ba88f4b8d0c6cc384c') in 0.011894 seconds 
  Import took 0.017023 seconds .

========================================================================
Received Import Request.
  Time since last request: 0.005328 seconds.
  path: Assets/TextMesh Pro/Resources/Fonts & Materials/LiberationSans SDF - Outline.mat
  artifactKey: Guid(79459efec17a4d00a321bdcc27bbc385) Importer(815301076,1909f56bfc062723c751e8b465ee728b)
Start importing Assets/TextMesh Pro/Resources/Fonts & Materials/LiberationSans SDF - Outline.mat using Guid(79459efec17a4d00a321bdcc27bbc385) Importer(815301076,1909f56bfc062723c751e8b465ee728b)  -> (artifact id: '289988fcecf3b00d1602f8d2b589f7dd') in 0.132725 seconds 
  Import took 0.137536 seconds .

========================================================================
Received Import Request.
  Time since last request: 0.005991 seconds.
  path: Assets/TextMesh Pro/Shaders/TMP_SDF-Mobile SSD.shader
  artifactKey: Guid(c8d12adcee749c344b8117cf7c7eb912) Importer(815301076,1909f56bfc062723c751e8b465ee728b)
Start importing Assets/TextMesh Pro/Shaders/TMP_SDF-Mobile SSD.shader using Guid(c8d12adcee749c344b8117cf7c7eb912) Importer(815301076,1909f56bfc062723c751e8b465ee728b)  -> (artifact id: 'af7fb48bd40444379468c096bbae7820') in 0.009435 seconds 
  Import took 0.012176 seconds .

========================================================================
Received Import Request.
  Time since last request: 0.005730 seconds.
  path: Assets/TextMesh Pro/Resources/Sprite Assets
  artifactKey: Guid(512a49d95c0c4332bdd98131869c23c9) Importer(815301076,1909f56bfc062723c751e8b465ee728b)
Start importing Assets/TextMesh Pro/Resources/Sprite Assets using Guid(512a49d95c0c4332bdd98131869c23c9) Importer(815301076,1909f56bfc062723c751e8b465ee728b)  -> (artifact id: 'b31814b8e9a6a2d42a48cf87797f0e5e') in 0.006944 seconds 
  Import took 0.012198 seconds .

========================================================================
Received Import Request.
  Time since last request: 0.004585 seconds.
  path: Assets/Plugins/Tools/Editor/SceneSelector.cs
  artifactKey: Guid(8adf54306769d584ea650d33c4125e2e) Importer(815301076,1909f56bfc062723c751e8b465ee728b)
Start importing Assets/Plugins/Tools/Editor/SceneSelector.cs using Guid(8adf54306769d584ea650d33c4125e2e) Importer(815301076,1909f56bfc062723c751e8b465ee728b)  -> (artifact id: '580f80542b430f37a5b6c5ac34f3e1ce') in 0.006516 seconds 
  Import took 0.009697 seconds .

========================================================================
Received Import Request.
  Time since last request: 0.008384 seconds.
  path: Assets/Scripts/Utilities/Singleton.cs
  artifactKey: Guid(3096853bb51c1e54c83e8ddd624b1ecc) Importer(815301076,1909f56bfc062723c751e8b465ee728b)
Start importing Assets/Scripts/Utilities/Singleton.cs using Guid(3096853bb51c1e54c83e8ddd624b1ecc) Importer(815301076,1909f56bfc062723c751e8b465ee728b)  -> (artifact id: '70e1ade25e3defce6f333f67da13e48b') in 0.006463 seconds 
  Import took 0.010447 seconds .

========================================================================
Received Import Request.
  Time since last request: 0.005273 seconds.
  path: Assets/TextMesh Pro/Shaders/TMP_SDF-Surface.shader
  artifactKey: Guid(f7ada0af4f174f0694ca6a487b8f543d) Importer(815301076,1909f56bfc062723c751e8b465ee728b)
Start importing Assets/TextMesh Pro/Shaders/TMP_SDF-Surface.shader using Guid(f7ada0af4f174f0694ca6a487b8f543d) Importer(815301076,1909f56bfc062723c751e8b465ee728b)  -> (artifact id: '90ff7cf5673c458ab8b86b07d1af3e55') in 0.006845 seconds 
  Import took 0.009630 seconds .

========================================================================
Received Import Request.
  Time since last request: 0.014376 seconds.
  path: Assets/TextMesh Pro/Resources/LineBreaking Following Characters.txt
  artifactKey: Guid(fade42e8bc714b018fac513c043d323b) Importer(815301076,1909f56bfc062723c751e8b465ee728b)
Start importing Assets/TextMesh Pro/Resources/LineBreaking Following Characters.txt using Guid(fade42e8bc714b018fac513c043d323b) Importer(815301076,1909f56bfc062723c751e8b465ee728b)  -> (artifact id: 'c84519695b966c8ddf8d325a6adc21d0') in 0.006035 seconds 
  Import took 0.008648 seconds .

========================================================================
Received Import Request.
  Time since last request: 0.004911 seconds.
  path: Assets/Scripts/Engine/MainMenuState.cs
  artifactKey: Guid(031b7f51d4e2e6648a7006610b0d2c39) Importer(815301076,1909f56bfc062723c751e8b465ee728b)
Start importing Assets/Scripts/Engine/MainMenuState.cs using Guid(031b7f51d4e2e6648a7006610b0d2c39) Importer(815301076,1909f56bfc062723c751e8b465ee728b)  -> (artifact id: 'e59920a08325f506ec61cbcd39f7f2b7') in 0.005362 seconds 
  Import took 0.007991 seconds .

========================================================================
Received Import Request.
  Time since last request: 0.003399 seconds.
  path: Assets/TextMesh Pro/Fonts
  artifactKey: Guid(6ab70aee4d56447429c680537fbf93ed) Importer(815301076,1909f56bfc062723c751e8b465ee728b)
Start importing Assets/TextMesh Pro/Fonts using Guid(6ab70aee4d56447429c680537fbf93ed) Importer(815301076,1909f56bfc062723c751e8b465ee728b)  -> (artifact id: 'c860dfdf0522eec1202f36843e52d436') in 0.005866 seconds 
  Import took 0.008414 seconds .

========================================================================
Received Import Request.
  Time since last request: 0.004693 seconds.
  path: Assets/TextMesh Pro/Shaders/TMP_SDF Overlay.shader
  artifactKey: Guid(dd89cf5b9246416f84610a006f916af7) Importer(815301076,1909f56bfc062723c751e8b465ee728b)
Start importing Assets/TextMesh Pro/Shaders/TMP_SDF Overlay.shader using Guid(dd89cf5b9246416f84610a006f916af7) Importer(815301076,1909f56bfc062723c751e8b465ee728b)  -> (artifact id: '79627df720b3ad2fd96e4d9d490e2e3a') in 0.005799 seconds 
  Import took 0.008719 seconds .

========================================================================
Received Import Request.
  Time since last request: 0.010260 seconds.
  path: Assets/Scripts/Utilities/Timer.cs
  artifactKey: Guid(72cb87becba280540a8bb176e70a0de9) Importer(815301076,1909f56bfc062723c751e8b465ee728b)
Start importing Assets/Scripts/Utilities/Timer.cs using Guid(72cb87becba280540a8bb176e70a0de9) Importer(815301076,1909f56bfc062723c751e8b465ee728b)  -> (artifact id: '61427a6f600982df7738c3c2b6390edb') in 0.005443 seconds 
  Import took 0.008043 seconds .

========================================================================
Received Import Request.
  Time since last request: 0.003165 seconds.
  path: Assets/TextMesh Pro/Resources/Fonts & Materials
  artifactKey: Guid(731f1baa9d144a9897cb1d341c2092b8) Importer(815301076,1909f56bfc062723c751e8b465ee728b)
Start importing Assets/TextMesh Pro/Resources/Fonts & Materials using Guid(731f1baa9d144a9897cb1d341c2092b8) Importer(815301076,1909f56bfc062723c751e8b465ee728b)  -> (artifact id: 'cbd6dcea75119183330fd0c84a35eed7') in 0.005826 seconds 
  Import took 0.008427 seconds .

========================================================================
Received Import Request.
  Time since last request: 0.005562 seconds.
  path: Assets/Scripts/Managers/GameStateManager.cs
  artifactKey: Guid(c9ac0e06db376d942baf61f5e08c1911) Importer(815301076,1909f56bfc062723c751e8b465ee728b)
Start importing Assets/Scripts/Managers/GameStateManager.cs using Guid(c9ac0e06db376d942baf61f5e08c1911) Importer(815301076,1909f56bfc062723c751e8b465ee728b)  -> (artifact id: 'dd27c188120e614cf10e29a9d13bd302') in 0.006334 seconds 
  Import took 0.009469 seconds .

========================================================================
Received Import Request.
  Time since last request: 0.003247 seconds.
  path: Assets/Plugins
  artifactKey: Guid(e6446585fc024cb4aa61311b5ae2a585) Importer(815301076,1909f56bfc062723c751e8b465ee728b)
Start importing Assets/Plugins using Guid(e6446585fc024cb4aa61311b5ae2a585) Importer(815301076,1909f56bfc062723c751e8b465ee728b)  -> (artifact id: '9df41de83816c378334db9ce0bdd6987') in 0.006049 seconds 
  Import took 0.008607 seconds .

========================================================================
Received Import Request.
  Time since last request: 0.005856 seconds.
  path: Assets/TextMesh Pro
  artifactKey: Guid(f54d1bd14bd3ca042bd867b519fee8cc) Importer(815301076,1909f56bfc062723c751e8b465ee728b)
Start importing Assets/TextMesh Pro using Guid(f54d1bd14bd3ca042bd867b519fee8cc) Importer(815301076,1909f56bfc062723c751e8b465ee728b)  -> (artifact id: '16b4cbde9565bf190136f1148817e1ea') in 0.005600 seconds 
  Import took 0.008291 seconds .

========================================================================
Received Import Request.
  Time since last request: 0.005348 seconds.
  path: Assets/Scripts/Engine/AGameState.cs
  artifactKey: Guid(51d501dd15e48c343aa20b721275427c) Importer(815301076,1909f56bfc062723c751e8b465ee728b)
Start importing Assets/Scripts/Engine/AGameState.cs using Guid(51d501dd15e48c343aa20b721275427c) Importer(815301076,1909f56bfc062723c751e8b465ee728b)  -> (artifact id: '24735ebd21e4ed5bce5b1ba97c11aeb0') in 0.005962 seconds 
  Import took 0.009227 seconds .

========================================================================
Received Import Request.
  Time since last request: 0.008830 seconds.
  path: Assets/TextMesh Pro/Resources/TMP Settings.asset
  artifactKey: Guid(3f5b5dff67a942289a9defa416b206f3) Importer(815301076,1909f56bfc062723c751e8b465ee728b)
Start importing Assets/TextMesh Pro/Resources/TMP Settings.asset using Guid(3f5b5dff67a942289a9defa416b206f3) Importer(815301076,1909f56bfc062723c751e8b465ee728b)  -> (artifact id: '2bfa879a8525b1dfe05c9f611534e615') in 0.035625 seconds 
  Import took 0.038650 seconds .

========================================================================
Received Import Request.
  Time since last request: 0.003323 seconds.
  path: Assets/Scenes
  artifactKey: Guid(d33c6d10e3217324bbc03b92aeb22d8c) Importer(815301076,1909f56bfc062723c751e8b465ee728b)
Start importing Assets/Scenes using Guid(d33c6d10e3217324bbc03b92aeb22d8c) Importer(815301076,1909f56bfc062723c751e8b465ee728b)  -> (artifact id: '393581a6039dd4cda378412e4aefe5c0') in 0.011673 seconds 
  Import took 0.014246 seconds .

========================================================================
Received Import Request.
  Time since last request: 0.011621 seconds.
  path: Assets/Plugins/Tools/Editor/Utilities/EditorGUILayoutUtility.cs
  artifactKey: Guid(48c4199bdcd04264d80e151798168fd4) Importer(815301076,1909f56bfc062723c751e8b465ee728b)
Start importing Assets/Plugins/Tools/Editor/Utilities/EditorGUILayoutUtility.cs using Guid(48c4199bdcd04264d80e151798168fd4) Importer(815301076,1909f56bfc062723c751e8b465ee728b)  -> (artifact id: 'b29db4715492cea09d7a469046c9d7e7') in 0.005847 seconds 
  Import took 0.008595 seconds .

========================================================================
Received Import Request.
  Time since last request: 0.005335 seconds.
  path: Assets/TextMesh Pro/Documentation/TextMesh Pro User Guide 2016.pdf
  artifactKey: Guid(1b8d251f9af63b746bf2f7ffe00ebb9b) Importer(815301076,1909f56bfc062723c751e8b465ee728b)
Start importing Assets/TextMesh Pro/Documentation/TextMesh Pro User Guide 2016.pdf using Guid(1b8d251f9af63b746bf2f7ffe00ebb9b) Importer(815301076,1909f56bfc062723c751e8b465ee728b)  -> (artifact id: '68a8cd0d128e2de1afc31d38fd538062') in 0.007672 seconds 
  Import took 0.010293 seconds .

========================================================================
Received Import Request.
  Time since last request: 0.005601 seconds.
  path: Assets/TextMesh Pro/Shaders/TMP_Bitmap-Custom-Atlas.shader
  artifactKey: Guid(48bb5f55d8670e349b6e614913f9d910) Importer(815301076,1909f56bfc062723c751e8b465ee728b)
Start importing Assets/TextMesh Pro/Shaders/TMP_Bitmap-Custom-Atlas.shader using Guid(48bb5f55d8670e349b6e614913f9d910) Importer(815301076,1909f56bfc062723c751e8b465ee728b)  -> (artifact id: '17f33076598a1af71c57cde25e3a7889') in 0.006583 seconds 
  Import took 0.009166 seconds .

========================================================================
Received Import Request.
  Time since last request: 0.004788 seconds.
  path: Assets/TextMesh Pro/Shaders/TMP_SDF-Surface-Mobile.shader
  artifactKey: Guid(85187c2149c549c5b33f0cdb02836b17) Importer(815301076,1909f56bfc062723c751e8b465ee728b)
Start importing Assets/TextMesh Pro/Shaders/TMP_SDF-Surface-Mobile.shader using Guid(85187c2149c549c5b33f0cdb02836b17) Importer(815301076,1909f56bfc062723c751e8b465ee728b)  -> (artifact id: 'e252adf428686fade7ff94d9d0c0c0d1') in 0.005790 seconds 
  Import took 0.008764 seconds .

========================================================================
Received Import Request.
  Time since last request: 0.004862 seconds.
  path: Assets/TextMesh Pro/Shaders/TMPro_Properties.cginc
  artifactKey: Guid(3997e2241185407d80309a82f9148466) Importer(815301076,1909f56bfc062723c751e8b465ee728b)
Start importing Assets/TextMesh Pro/Shaders/TMPro_Properties.cginc using Guid(3997e2241185407d80309a82f9148466) Importer(815301076,1909f56bfc062723c751e8b465ee728b)  -> (artifact id: '25b87a6c906e2ff6005352074e70dba6') in 0.006242 seconds 
  Import took 0.008843 seconds .

========================================================================
Received Import Request.
  Time since last request: 0.003164 seconds.
  path: Assets/Scripts/Engine
  artifactKey: Guid(bf93244b7a4711d48953c30e5d5f405b) Importer(815301076,1909f56bfc062723c751e8b465ee728b)
Start importing Assets/Scripts/Engine using Guid(bf93244b7a4711d48953c30e5d5f405b) Importer(815301076,1909f56bfc062723c751e8b465ee728b)  -> (artifact id: '6d6efad88fe92bc32ab457fce83fd88a') in 0.006109 seconds 
  Import took 0.008688 seconds .

========================================================================
Received Import Request.
  Time since last request: 0.003283 seconds.
  path: Assets/Scripts/MainMenu
  artifactKey: Guid(d4486044d6c823a44b55ff67d15df068) Importer(815301076,1909f56bfc062723c751e8b465ee728b)
Start importing Assets/Scripts/MainMenu using Guid(d4486044d6c823a44b55ff67d15df068) Importer(815301076,1909f56bfc062723c751e8b465ee728b)  -> (artifact id: 'df2b09df1932c0e24ddf2fa6167ac2d1') in 0.006273 seconds 
  Import took 0.008953 seconds .

========================================================================
Received Import Request.
  Time since last request: 0.005246 seconds.
  path: Assets/TextMesh Pro/Shaders/TMP_Bitmap-Mobile.shader
  artifactKey: Guid(1e3b057af24249748ff873be7fafee47) Importer(815301076,1909f56bfc062723c751e8b465ee728b)
Start importing Assets/TextMesh Pro/Shaders/TMP_Bitmap-Mobile.shader using Guid(1e3b057af24249748ff873be7fafee47) Importer(815301076,1909f56bfc062723c751e8b465ee728b)  -> (artifact id: '75fa1de0119330700103e7b2397cd8cf') in 0.005750 seconds 
  Import took 0.008335 seconds .

========================================================================
Received Import Request.
  Time since last request: 0.003491 seconds.
  path: Assets/TextMesh Pro/Resources
  artifactKey: Guid(243e06394e614e5d99fab26083b707fa) Importer(815301076,1909f56bfc062723c751e8b465ee728b)
Start importing Assets/TextMesh Pro/Resources using Guid(243e06394e614e5d99fab26083b707fa) Importer(815301076,1909f56bfc062723c751e8b465ee728b)  -> (artifact id: '0df7051f5b12f3f69d646d60f9166c36') in 0.002058 seconds 
  Import took 0.004838 seconds .

========================================================================
Received Import Request.
  Time since last request: 0.005370 seconds.
  path: Assets/TextMesh Pro/Shaders/TMP_SDF-Mobile Overlay.shader
  artifactKey: Guid(a02a7d8c237544f1962732b55a9aebf1) Importer(815301076,1909f56bfc062723c751e8b465ee728b)
Start importing Assets/TextMesh Pro/Shaders/TMP_SDF-Mobile Overlay.shader using Guid(a02a7d8c237544f1962732b55a9aebf1) Importer(815301076,1909f56bfc062723c751e8b465ee728b)  -> (artifact id: '4158398dbdac99ea1c0d82fd600d77a9') in 0.006082 seconds 
  Import took 0.008670 seconds .

========================================================================
Received Import Request.
  Time since last request: 0.006712 seconds.
  path: Assets/TextMesh Pro/Resources/Fonts & Materials/LiberationSans SDF.asset
  artifactKey: Guid(8f586378b4e144a9851e7b34d9b748ee) Importer(815301076,1909f56bfc062723c751e8b465ee728b)
Start importing Assets/TextMesh Pro/Resources/Fonts & Materials/LiberationSans SDF.asset using Guid(8f586378b4e144a9851e7b34d9b748ee) Importer(815301076,1909f56bfc062723c751e8b465ee728b)  -> (artifact id: 'f1280cc7be10b532b2897fc8654f95d3') in 0.043234 seconds 
  Import took 0.046070 seconds .

========================================================================
Received Import Request.
  Time since last request: 0.005977 seconds.
  path: Assets/Scripts/Engine/InitializeState.cs
  artifactKey: Guid(e5d55ac43508c094d8e23db48a54d4c8) Importer(815301076,1909f56bfc062723c751e8b465ee728b)
Start importing Assets/Scripts/Engine/InitializeState.cs using Guid(e5d55ac43508c094d8e23db48a54d4c8) Importer(815301076,1909f56bfc062723c751e8b465ee728b)  -> (artifact id: 'ae261c20700fb4b391741e9c11f31cd2') in 0.005868 seconds 
  Import took 0.008446 seconds .

========================================================================
Received Import Request.
  Time since last request: 0.010543 seconds.
  path: Assets/TextMesh Pro/Resources/Style Sheets/Default Style Sheet.asset
  artifactKey: Guid(f952c082cb03451daed3ee968ac6c63e) Importer(815301076,1909f56bfc062723c751e8b465ee728b)
Start importing Assets/TextMesh Pro/Resources/Style Sheets/Default Style Sheet.asset using Guid(f952c082cb03451daed3ee968ac6c63e) Importer(815301076,1909f56bfc062723c751e8b465ee728b)  -> (artifact id: '99846f5a5cef2b9fb3476a6a84d35918') in 0.006297 seconds 
  Import took 0.008905 seconds .

========================================================================
Received Import Request.
  Time since last request: 0.005638 seconds.
  path: Assets/TextMesh Pro/Resources/LineBreaking Leading Characters.txt
  artifactKey: Guid(d82c1b31c7e74239bff1220585707d2b) Importer(815301076,1909f56bfc062723c751e8b465ee728b)
Start importing Assets/TextMesh Pro/Resources/LineBreaking Leading Characters.txt using Guid(d82c1b31c7e74239bff1220585707d2b) Importer(815301076,1909f56bfc062723c751e8b465ee728b)  -> (artifact id: '55ff7fcf1dc11b21acfd2150599fb6bf') in 0.005983 seconds 
  Import took 0.008600 seconds .

========================================================================
Received Import Request.
  Time since last request: 0.010421 seconds.
  path: Assets/TextMesh Pro/Fonts/LiberationSans.ttf
  artifactKey: Guid(e3265ab4bf004d28a9537516768c1c75) Importer(815301076,1909f56bfc062723c751e8b465ee728b)
Start importing Assets/TextMesh Pro/Fonts/LiberationSans.ttf using Guid(e3265ab4bf004d28a9537516768c1c75) Importer(815301076,1909f56bfc062723c751e8b465ee728b)  -> (artifact id: 'bdddd331c3f1b7826858a8d92db67e39') in 0.023293 seconds 
  Import took 0.025976 seconds .

========================================================================
Received Import Request.
  Time since last request: 0.003229 seconds.
  path: Assets/Scripts/Managers
  artifactKey: Guid(3938f236abc2b7242b170d496077887e) Importer(815301076,1909f56bfc062723c751e8b465ee728b)
Start importing Assets/Scripts/Managers using Guid(3938f236abc2b7242b170d496077887e) Importer(815301076,1909f56bfc062723c751e8b465ee728b)  -> (artifact id: '2b727f423d3f49ea9f8c453bf90ec47f') in 0.005898 seconds 
  Import took 0.008455 seconds .

AssetImportWorkerClient::OnTransportError - code=2 error=End of file
